2020-04-20 13:39:22,267 DEBUG (0.000) 
            SELECT name, type FROM sqlite_master
            WHERE type in ('table', 'view') AND NOT name='sqlite_sequence'
            ORDER BY name; args=None
2020-04-20 13:39:22,526 DEBUG (0.000) 
            SELECT name, type FROM sqlite_master
            WHERE type in ('table', 'view') AND NOT name='sqlite_sequence'
            ORDER BY name; args=None
2020-04-20 13:39:22,526 DEBUG (0.000) 
            SELECT name, type FROM sqlite_master
            WHERE type in ('table', 'view') AND NOT name='sqlite_sequence'
            ORDER BY name; args=None
2020-04-20 13:39:22,527 DEBUG (0.000) 
            SELECT name, type FROM sqlite_master
            WHERE type in ('table', 'view') AND NOT name='sqlite_sequence'
            ORDER BY name; args=None
2020-04-20 13:39:22,527 DEBUG (0.000) PRAGMA foreign_keys = OFF; args=None
2020-04-20 13:39:22,527 DEBUG (0.000) PRAGMA foreign_keys; args=None
2020-04-20 13:39:22,527 DEBUG (0.000) BEGIN; args=None
2020-04-20 13:39:22,527 DEBUG CREATE TABLE "django_migrations" ("id" integer NOT NULL PRIMARY KEY AUTOINCREMENT, "app" varchar(255) NOT NULL, "name" varchar(255) NOT NULL, "applied" datetime NOT NULL); (params None)
2020-04-20 13:39:22,528 DEBUG (0.000) CREATE TABLE "django_migrations" ("id" integer NOT NULL PRIMARY KEY AUTOINCREMENT, "app" varchar(255) NOT NULL, "name" varchar(255) NOT NULL, "applied" datetime NOT NULL); args=None
2020-04-20 13:39:22,528 DEBUG (0.000) PRAGMA foreign_key_check; args=None
2020-04-20 13:39:22,529 DEBUG (0.000) PRAGMA foreign_keys = ON; args=None
2020-04-20 13:39:22,529 DEBUG (0.000) PRAGMA foreign_keys = OFF; args=None
2020-04-20 13:39:22,529 DEBUG (0.000) PRAGMA foreign_keys; args=None
2020-04-20 13:39:22,529 DEBUG (0.000) BEGIN; args=None
2020-04-20 13:39:22,531 DEBUG CREATE TABLE "django_content_type" ("id" integer NOT NULL PRIMARY KEY AUTOINCREMENT, "name" varchar(100) NOT NULL, "app_label" varchar(100) NOT NULL, "model" varchar(100) NOT NULL); (params None)
2020-04-20 13:39:22,531 DEBUG (0.000) CREATE TABLE "django_content_type" ("id" integer NOT NULL PRIMARY KEY AUTOINCREMENT, "name" varchar(100) NOT NULL, "app_label" varchar(100) NOT NULL, "model" varchar(100) NOT NULL); args=None
2020-04-20 13:39:22,532 DEBUG CREATE UNIQUE INDEX "django_content_type_app_label_model_76bd3d3b_uniq" ON "django_content_type" ("app_label", "model"); (params ())
2020-04-20 13:39:22,532 DEBUG (0.000) CREATE UNIQUE INDEX "django_content_type_app_label_model_76bd3d3b_uniq" ON "django_content_type" ("app_label", "model"); args=()
2020-04-20 13:39:22,532 DEBUG (0.000) 
            SELECT name, type FROM sqlite_master
            WHERE type in ('table', 'view') AND NOT name='sqlite_sequence'
            ORDER BY name; args=None
2020-04-20 13:39:22,534 DEBUG (0.000) INSERT INTO "django_migrations" ("app", "name", "applied") VALUES ('contenttypes', '0001_initial', '2020-04-20 13:39:22.533121'); args=['contenttypes', '0001_initial', '2020-04-20 13:39:22.533121']
2020-04-20 13:39:22,534 DEBUG (0.000) PRAGMA foreign_key_check; args=None
2020-04-20 13:39:22,535 DEBUG (0.000) PRAGMA foreign_keys = ON; args=None
2020-04-20 13:39:22,535 DEBUG (0.000) PRAGMA foreign_keys = OFF; args=None
2020-04-20 13:39:22,535 DEBUG (0.000) PRAGMA foreign_keys; args=None
2020-04-20 13:39:22,535 DEBUG (0.000) BEGIN; args=None
2020-04-20 13:39:22,537 DEBUG CREATE TABLE "new__django_content_type" ("id" integer NOT NULL PRIMARY KEY AUTOINCREMENT, "app_label" varchar(100) NOT NULL, "model" varchar(100) NOT NULL, "name" varchar(100) NULL); (params None)
2020-04-20 13:39:22,538 DEBUG (0.000) CREATE TABLE "new__django_content_type" ("id" integer NOT NULL PRIMARY KEY AUTOINCREMENT, "app_label" varchar(100) NOT NULL, "model" varchar(100) NOT NULL, "name" varchar(100) NULL); args=None
2020-04-20 13:39:22,538 DEBUG INSERT INTO "new__django_content_type" ("id", "app_label", "model", "name") SELECT "id", "app_label", "model", "name" FROM "django_content_type"; (params ())
2020-04-20 13:39:22,538 DEBUG (0.000) INSERT INTO "new__django_content_type" ("id", "app_label", "model", "name") SELECT "id", "app_label", "model", "name" FROM "django_content_type"; args=()
2020-04-20 13:39:22,538 DEBUG DROP TABLE "django_content_type"; (params ())
2020-04-20 13:39:22,538 DEBUG (0.000) DROP TABLE "django_content_type"; args=()
2020-04-20 13:39:22,539 DEBUG ALTER TABLE "new__django_content_type" RENAME TO "django_content_type"; (params ())
2020-04-20 13:39:22,539 DEBUG (0.000) ALTER TABLE "new__django_content_type" RENAME TO "django_content_type"; args=()
2020-04-20 13:39:22,539 DEBUG CREATE UNIQUE INDEX "django_content_type_app_label_model_76bd3d3b_uniq" ON "django_content_type" ("app_label", "model"); (params ())
2020-04-20 13:39:22,539 DEBUG (0.000) CREATE UNIQUE INDEX "django_content_type_app_label_model_76bd3d3b_uniq" ON "django_content_type" ("app_label", "model"); args=()
2020-04-20 13:39:22,541 DEBUG CREATE TABLE "new__django_content_type" ("id" integer NOT NULL PRIMARY KEY AUTOINCREMENT, "app_label" varchar(100) NOT NULL, "model" varchar(100) NOT NULL); (params None)
2020-04-20 13:39:22,542 DEBUG (0.000) CREATE TABLE "new__django_content_type" ("id" integer NOT NULL PRIMARY KEY AUTOINCREMENT, "app_label" varchar(100) NOT NULL, "model" varchar(100) NOT NULL); args=None
2020-04-20 13:39:22,542 DEBUG INSERT INTO "new__django_content_type" ("id", "app_label", "model") SELECT "id", "app_label", "model" FROM "django_content_type"; (params ())
2020-04-20 13:39:22,542 DEBUG (0.000) INSERT INTO "new__django_content_type" ("id", "app_label", "model") SELECT "id", "app_label", "model" FROM "django_content_type"; args=()
2020-04-20 13:39:22,542 DEBUG DROP TABLE "django_content_type"; (params ())
2020-04-20 13:39:22,542 DEBUG (0.000) DROP TABLE "django_content_type"; args=()
2020-04-20 13:39:22,542 DEBUG ALTER TABLE "new__django_content_type" RENAME TO "django_content_type"; (params ())
2020-04-20 13:39:22,543 DEBUG (0.000) ALTER TABLE "new__django_content_type" RENAME TO "django_content_type"; args=()
2020-04-20 13:39:22,543 DEBUG CREATE UNIQUE INDEX "django_content_type_app_label_model_76bd3d3b_uniq" ON "django_content_type" ("app_label", "model"); (params ())
2020-04-20 13:39:22,543 DEBUG (0.000) CREATE UNIQUE INDEX "django_content_type_app_label_model_76bd3d3b_uniq" ON "django_content_type" ("app_label", "model"); args=()
2020-04-20 13:39:22,543 DEBUG (0.000) 
            SELECT name, type FROM sqlite_master
            WHERE type in ('table', 'view') AND NOT name='sqlite_sequence'
            ORDER BY name; args=None
2020-04-20 13:39:22,543 DEBUG (0.000) INSERT INTO "django_migrations" ("app", "name", "applied") VALUES ('contenttypes', '0002_remove_content_type_name', '2020-04-20 13:39:22.543588'); args=['contenttypes', '0002_remove_content_type_name', '2020-04-20 13:39:22.543588']
2020-04-20 13:39:22,544 DEBUG (0.000) PRAGMA foreign_key_check; args=None
2020-04-20 13:39:22,544 DEBUG (0.000) PRAGMA foreign_keys = ON; args=None
2020-04-20 13:39:22,544 DEBUG (0.000) PRAGMA foreign_keys = OFF; args=None
2020-04-20 13:39:22,544 DEBUG (0.000) PRAGMA foreign_keys; args=None
2020-04-20 13:39:22,545 DEBUG (0.000) BEGIN; args=None
2020-04-20 13:39:22,545 DEBUG CREATE TABLE "allergies" ("id" integer NOT NULL PRIMARY KEY AUTOINCREMENT, "name" varchar(45) NOT NULL); (params None)
2020-04-20 13:39:22,546 DEBUG (0.000) CREATE TABLE "allergies" ("id" integer NOT NULL PRIMARY KEY AUTOINCREMENT, "name" varchar(45) NOT NULL); args=None
2020-04-20 13:39:22,547 DEBUG CREATE TABLE "allergies_drinks" ("id" integer NOT NULL PRIMARY KEY AUTOINCREMENT, "allergy_id" integer NULL REFERENCES "allergies" ("id") DEFERRABLE INITIALLY DEFERRED); (params None)
2020-04-20 13:39:22,547 DEBUG (0.000) CREATE TABLE "allergies_drinks" ("id" integer NOT NULL PRIMARY KEY AUTOINCREMENT, "allergy_id" integer NULL REFERENCES "allergies" ("id") DEFERRABLE INITIALLY DEFERRED); args=None
2020-04-20 13:39:22,548 DEBUG CREATE TABLE "categories" ("id" integer NOT NULL PRIMARY KEY AUTOINCREMENT, "name" varchar(50) NOT NULL); (params None)
2020-04-20 13:39:22,548 DEBUG (0.000) CREATE TABLE "categories" ("id" integer NOT NULL PRIMARY KEY AUTOINCREMENT, "name" varchar(50) NOT NULL); args=None
2020-04-20 13:39:22,550 DEBUG CREATE TABLE "drinks" ("id" integer NOT NULL PRIMARY KEY AUTOINCREMENT, "name" varchar(50) NOT NULL, "category_id" integer NULL REFERENCES "categories" ("id") DEFERRABLE INITIALLY DEFERRED); (params None)
2020-04-20 13:39:22,550 DEBUG (0.000) CREATE TABLE "drinks" ("id" integer NOT NULL PRIMARY KEY AUTOINCREMENT, "name" varchar(50) NOT NULL, "category_id" integer NULL REFERENCES "categories" ("id") DEFERRABLE INITIALLY DEFERRED); args=None
2020-04-20 13:39:22,551 DEBUG CREATE TABLE "menus" ("id" integer NOT NULL PRIMARY KEY AUTOINCREMENT, "name" varchar(10) NOT NULL); (params None)
2020-04-20 13:39:22,551 DEBUG (0.000) CREATE TABLE "menus" ("id" integer NOT NULL PRIMARY KEY AUTOINCREMENT, "name" varchar(10) NOT NULL); args=None
2020-04-20 13:39:22,552 DEBUG CREATE TABLE "nutritions" ("id" integer NOT NULL PRIMARY KEY AUTOINCREMENT, "one_serving_kcal" decimal NOT NULL, "sodium_mg" decimal NOT NULL, "saturated_fat_g" decimal NOT NULL, "sugars_g" decimal NOT NULL, "protein_g" decimal NOT NULL, "caffeine_mg" decimal NOT NULL); (params None)
2020-04-20 13:39:22,552 DEBUG (0.000) CREATE TABLE "nutritions" ("id" integer NOT NULL PRIMARY KEY AUTOINCREMENT, "one_serving_kcal" decimal NOT NULL, "sodium_mg" decimal NOT NULL, "saturated_fat_g" decimal NOT NULL, "sugars_g" decimal NOT NULL, "protein_g" decimal NOT NULL, "caffeine_mg" decimal NOT NULL); args=None
2020-04-20 13:39:22,554 DEBUG CREATE TABLE "sizes" ("id" integer NOT NULL PRIMARY KEY AUTOINCREMENT, "name" varchar(45) NOT NULL, "size_ml" integer NOT NULL, "size_fluid_ounce" decimal NOT NULL, "nutrition_id" integer NULL REFERENCES "nutritions" ("id") DEFERRABLE INITIALLY DEFERRED); (params None)
2020-04-20 13:39:22,554 DEBUG (0.000) CREATE TABLE "sizes" ("id" integer NOT NULL PRIMARY KEY AUTOINCREMENT, "name" varchar(45) NOT NULL, "size_ml" integer NOT NULL, "size_fluid_ounce" decimal NOT NULL, "nutrition_id" integer NULL REFERENCES "nutritions" ("id") DEFERRABLE INITIALLY DEFERRED); args=None
2020-04-20 13:39:22,557 DEBUG CREATE TABLE "images" ("id" integer NOT NULL PRIMARY KEY AUTOINCREMENT, "image_url" varchar(2000) NOT NULL, "drink_id" integer NULL REFERENCES "drinks" ("id") DEFERRABLE INITIALLY DEFERRED); (params None)
2020-04-20 13:39:22,557 DEBUG (0.000) CREATE TABLE "images" ("id" integer NOT NULL PRIMARY KEY AUTOINCREMENT, "image_url" varchar(2000) NOT NULL, "drink_id" integer NULL REFERENCES "drinks" ("id") DEFERRABLE INITIALLY DEFERRED); args=None
2020-04-20 13:39:22,561 DEBUG CREATE TABLE "new__drinks" ("id" integer NOT NULL PRIMARY KEY AUTOINCREMENT, "name" varchar(50) NOT NULL, "category_id" integer NULL REFERENCES "categories" ("id") DEFERRABLE INITIALLY DEFERRED, "menu_id" integer NULL REFERENCES "menus" ("id") DEFERRABLE INITIALLY DEFERRED); (params None)
2020-04-20 13:39:22,561 DEBUG (0.000) CREATE TABLE "new__drinks" ("id" integer NOT NULL PRIMARY KEY AUTOINCREMENT, "name" varchar(50) NOT NULL, "category_id" integer NULL REFERENCES "categories" ("id") DEFERRABLE INITIALLY DEFERRED, "menu_id" integer NULL REFERENCES "menus" ("id") DEFERRABLE INITIALLY DEFERRED); args=None
2020-04-20 13:39:22,561 DEBUG INSERT INTO "new__drinks" ("id", "name", "category_id", "menu_id") SELECT "id", "name", "category_id", NULL FROM "drinks"; (params ())
2020-04-20 13:39:22,561 DEBUG (0.000) INSERT INTO "new__drinks" ("id", "name", "category_id", "menu_id") SELECT "id", "name", "category_id", NULL FROM "drinks"; args=()
2020-04-20 13:39:22,561 DEBUG DROP TABLE "drinks"; (params ())
2020-04-20 13:39:22,561 DEBUG (0.000) DROP TABLE "drinks"; args=()
2020-04-20 13:39:22,561 DEBUG ALTER TABLE "new__drinks" RENAME TO "drinks"; (params ())
2020-04-20 13:39:22,562 DEBUG (0.001) ALTER TABLE "new__drinks" RENAME TO "drinks"; args=()
2020-04-20 13:39:22,562 DEBUG CREATE INDEX "allergies_drinks_allergy_id_3af7f50a" ON "allergies_drinks" ("allergy_id"); (params ())
2020-04-20 13:39:22,562 DEBUG (0.000) CREATE INDEX "allergies_drinks_allergy_id_3af7f50a" ON "allergies_drinks" ("allergy_id"); args=()
2020-04-20 13:39:22,562 DEBUG CREATE INDEX "sizes_nutrition_id_d80af765" ON "sizes" ("nutrition_id"); (params ())
2020-04-20 13:39:22,563 DEBUG (0.000) CREATE INDEX "sizes_nutrition_id_d80af765" ON "sizes" ("nutrition_id"); args=()
2020-04-20 13:39:22,563 DEBUG CREATE INDEX "images_drink_id_fb25e2ef" ON "images" ("drink_id"); (params ())
2020-04-20 13:39:22,563 DEBUG (0.000) CREATE INDEX "images_drink_id_fb25e2ef" ON "images" ("drink_id"); args=()
2020-04-20 13:39:22,563 DEBUG CREATE INDEX "drinks_category_id_c8b598f6" ON "drinks" ("category_id"); (params ())
2020-04-20 13:39:22,563 DEBUG (0.000) CREATE INDEX "drinks_category_id_c8b598f6" ON "drinks" ("category_id"); args=()
2020-04-20 13:39:22,563 DEBUG CREATE INDEX "drinks_menu_id_0ef95499" ON "drinks" ("menu_id"); (params ())
2020-04-20 13:39:22,563 DEBUG (0.000) CREATE INDEX "drinks_menu_id_0ef95499" ON "drinks" ("menu_id"); args=()
2020-04-20 13:39:22,567 DEBUG CREATE TABLE "new__drinks" ("id" integer NOT NULL PRIMARY KEY AUTOINCREMENT, "name" varchar(50) NOT NULL, "category_id" integer NULL REFERENCES "categories" ("id") DEFERRABLE INITIALLY DEFERRED, "menu_id" integer NULL REFERENCES "menus" ("id") DEFERRABLE INITIALLY DEFERRED, "nutrition_id" integer NULL UNIQUE REFERENCES "nutritions" ("id") DEFERRABLE INITIALLY DEFERRED); (params None)
2020-04-20 13:39:22,567 DEBUG (0.000) CREATE TABLE "new__drinks" ("id" integer NOT NULL PRIMARY KEY AUTOINCREMENT, "name" varchar(50) NOT NULL, "category_id" integer NULL REFERENCES "categories" ("id") DEFERRABLE INITIALLY DEFERRED, "menu_id" integer NULL REFERENCES "menus" ("id") DEFERRABLE INITIALLY DEFERRED, "nutrition_id" integer NULL UNIQUE REFERENCES "nutritions" ("id") DEFERRABLE INITIALLY DEFERRED); args=None
2020-04-20 13:39:22,568 DEBUG INSERT INTO "new__drinks" ("id", "name", "category_id", "menu_id", "nutrition_id") SELECT "id", "name", "category_id", "menu_id", NULL FROM "drinks"; (params ())
2020-04-20 13:39:22,568 DEBUG (0.000) INSERT INTO "new__drinks" ("id", "name", "category_id", "menu_id", "nutrition_id") SELECT "id", "name", "category_id", "menu_id", NULL FROM "drinks"; args=()
2020-04-20 13:39:22,568 DEBUG DROP TABLE "drinks"; (params ())
2020-04-20 13:39:22,568 DEBUG (0.000) DROP TABLE "drinks"; args=()
2020-04-20 13:39:22,568 DEBUG ALTER TABLE "new__drinks" RENAME TO "drinks"; (params ())
2020-04-20 13:39:22,569 DEBUG (0.001) ALTER TABLE "new__drinks" RENAME TO "drinks"; args=()
2020-04-20 13:39:22,569 DEBUG CREATE INDEX "drinks_category_id_c8b598f6" ON "drinks" ("category_id"); (params ())
2020-04-20 13:39:22,570 DEBUG (0.000) CREATE INDEX "drinks_category_id_c8b598f6" ON "drinks" ("category_id"); args=()
2020-04-20 13:39:22,570 DEBUG CREATE INDEX "drinks_menu_id_0ef95499" ON "drinks" ("menu_id"); (params ())
2020-04-20 13:39:22,570 DEBUG (0.000) CREATE INDEX "drinks_menu_id_0ef95499" ON "drinks" ("menu_id"); args=()
2020-04-20 13:39:22,573 DEBUG CREATE TABLE "descriptions" ("id" integer NOT NULL PRIMARY KEY AUTOINCREMENT, "description" varchar(1000) NOT NULL, "drink_id" integer NULL REFERENCES "drinks" ("id") DEFERRABLE INITIALLY DEFERRED); (params None)
2020-04-20 13:39:22,574 DEBUG (0.000) CREATE TABLE "descriptions" ("id" integer NOT NULL PRIMARY KEY AUTOINCREMENT, "description" varchar(1000) NOT NULL, "drink_id" integer NULL REFERENCES "drinks" ("id") DEFERRABLE INITIALLY DEFERRED); args=None
2020-04-20 13:39:22,578 DEBUG CREATE TABLE "new__categories" ("id" integer NOT NULL PRIMARY KEY AUTOINCREMENT, "name" varchar(50) NOT NULL, "menu_id" integer NULL REFERENCES "menus" ("id") DEFERRABLE INITIALLY DEFERRED); (params None)
2020-04-20 13:39:22,578 DEBUG (0.000) CREATE TABLE "new__categories" ("id" integer NOT NULL PRIMARY KEY AUTOINCREMENT, "name" varchar(50) NOT NULL, "menu_id" integer NULL REFERENCES "menus" ("id") DEFERRABLE INITIALLY DEFERRED); args=None
2020-04-20 13:39:22,578 DEBUG INSERT INTO "new__categories" ("id", "name", "menu_id") SELECT "id", "name", NULL FROM "categories"; (params ())
2020-04-20 13:39:22,578 DEBUG (0.000) INSERT INTO "new__categories" ("id", "name", "menu_id") SELECT "id", "name", NULL FROM "categories"; args=()
2020-04-20 13:39:22,578 DEBUG DROP TABLE "categories"; (params ())
2020-04-20 13:39:22,578 DEBUG (0.000) DROP TABLE "categories"; args=()
2020-04-20 13:39:22,579 DEBUG ALTER TABLE "new__categories" RENAME TO "categories"; (params ())
2020-04-20 13:39:22,579 DEBUG (0.001) ALTER TABLE "new__categories" RENAME TO "categories"; args=()
2020-04-20 13:39:22,579 DEBUG CREATE INDEX "descriptions_drink_id_7164a2c3" ON "descriptions" ("drink_id"); (params ())
2020-04-20 13:39:22,580 DEBUG (0.000) CREATE INDEX "descriptions_drink_id_7164a2c3" ON "descriptions" ("drink_id"); args=()
2020-04-20 13:39:22,580 DEBUG CREATE INDEX "categories_menu_id_33730ae9" ON "categories" ("menu_id"); (params ())
2020-04-20 13:39:22,580 DEBUG (0.000) CREATE INDEX "categories_menu_id_33730ae9" ON "categories" ("menu_id"); args=()
2020-04-20 13:39:22,584 DEBUG CREATE TABLE "new__allergies_drinks" ("id" integer NOT NULL PRIMARY KEY AUTOINCREMENT, "allergy_id" integer NULL REFERENCES "allergies" ("id") DEFERRABLE INITIALLY DEFERRED, "drink_id" integer NULL REFERENCES "drinks" ("id") DEFERRABLE INITIALLY DEFERRED); (params None)
2020-04-20 13:39:22,585 DEBUG (0.000) CREATE TABLE "new__allergies_drinks" ("id" integer NOT NULL PRIMARY KEY AUTOINCREMENT, "allergy_id" integer NULL REFERENCES "allergies" ("id") DEFERRABLE INITIALLY DEFERRED, "drink_id" integer NULL REFERENCES "drinks" ("id") DEFERRABLE INITIALLY DEFERRED); args=None
2020-04-20 13:39:22,585 DEBUG INSERT INTO "new__allergies_drinks" ("id", "allergy_id", "drink_id") SELECT "id", "allergy_id", NULL FROM "allergies_drinks"; (params ())
2020-04-20 13:39:22,585 DEBUG (0.000) INSERT INTO "new__allergies_drinks" ("id", "allergy_id", "drink_id") SELECT "id", "allergy_id", NULL FROM "allergies_drinks"; args=()
2020-04-20 13:39:22,585 DEBUG DROP TABLE "allergies_drinks"; (params ())
2020-04-20 13:39:22,585 DEBUG (0.000) DROP TABLE "allergies_drinks"; args=()
2020-04-20 13:39:22,585 DEBUG ALTER TABLE "new__allergies_drinks" RENAME TO "allergies_drinks"; (params ())
2020-04-20 13:39:22,586 DEBUG (0.001) ALTER TABLE "new__allergies_drinks" RENAME TO "allergies_drinks"; args=()
2020-04-20 13:39:22,586 DEBUG CREATE INDEX "allergies_drinks_allergy_id_3af7f50a" ON "allergies_drinks" ("allergy_id"); (params ())
2020-04-20 13:39:22,586 DEBUG (0.000) CREATE INDEX "allergies_drinks_allergy_id_3af7f50a" ON "allergies_drinks" ("allergy_id"); args=()
2020-04-20 13:39:22,587 DEBUG CREATE INDEX "allergies_drinks_drink_id_f07b9299" ON "allergies_drinks" ("drink_id"); (params ())
2020-04-20 13:39:22,587 DEBUG (0.000) CREATE INDEX "allergies_drinks_drink_id_f07b9299" ON "allergies_drinks" ("drink_id"); args=()
2020-04-20 13:39:22,587 DEBUG (0.000) 
            SELECT name, type FROM sqlite_master
            WHERE type in ('table', 'view') AND NOT name='sqlite_sequence'
            ORDER BY name; args=None
2020-04-20 13:39:22,588 DEBUG (0.000) INSERT INTO "django_migrations" ("app", "name", "applied") VALUES ('product', '0001_initial', '2020-04-20 13:39:22.587661'); args=['product', '0001_initial', '2020-04-20 13:39:22.587661']
2020-04-20 13:39:22,589 DEBUG (0.000) PRAGMA foreign_key_check; args=None
2020-04-20 13:39:22,590 DEBUG (0.000) PRAGMA foreign_keys = ON; args=None
2020-04-20 13:39:22,590 DEBUG (0.000) PRAGMA foreign_keys = OFF; args=None
2020-04-20 13:39:22,590 DEBUG (0.000) PRAGMA foreign_keys; args=None
2020-04-20 13:39:22,590 DEBUG (0.000) BEGIN; args=None
2020-04-20 13:39:22,591 DEBUG CREATE TABLE "django_session" ("session_key" varchar(40) NOT NULL PRIMARY KEY, "session_data" text NOT NULL, "expire_date" datetime NOT NULL); (params None)
2020-04-20 13:39:22,591 DEBUG (0.000) CREATE TABLE "django_session" ("session_key" varchar(40) NOT NULL PRIMARY KEY, "session_data" text NOT NULL, "expire_date" datetime NOT NULL); args=None
2020-04-20 13:39:22,591 DEBUG (0.000) 
            SELECT name, type FROM sqlite_master
            WHERE type in ('table', 'view') AND NOT name='sqlite_sequence'
            ORDER BY name; args=None
2020-04-20 13:39:22,592 DEBUG (0.000) INSERT INTO "django_migrations" ("app", "name", "applied") VALUES ('sessions', '0001_initial', '2020-04-20 13:39:22.591789'); args=['sessions', '0001_initial', '2020-04-20 13:39:22.591789']
2020-04-20 13:39:22,592 DEBUG (0.000) PRAGMA foreign_key_check; args=None
2020-04-20 13:39:22,592 DEBUG CREATE INDEX "django_session_expire_date_a5c62663" ON "django_session" ("expire_date"); (params ())
2020-04-20 13:39:22,592 DEBUG (0.000) CREATE INDEX "django_session_expire_date_a5c62663" ON "django_session" ("expire_date"); args=()
2020-04-20 13:39:22,593 DEBUG (0.000) PRAGMA foreign_keys = ON; args=None
2020-04-20 13:39:22,593 DEBUG (0.000) 
            SELECT name, type FROM sqlite_master
            WHERE type in ('table', 'view') AND NOT name='sqlite_sequence'
            ORDER BY name; args=None
2020-04-20 13:39:22,593 DEBUG (0.000) SELECT "django_migrations"."id", "django_migrations"."app", "django_migrations"."name", "django_migrations"."applied" FROM "django_migrations"; args=()
2020-04-20 13:39:22,604 DEBUG (0.000) SELECT "django_content_type"."id", "django_content_type"."app_label", "django_content_type"."model" FROM "django_content_type" WHERE "django_content_type"."app_label" = 'contenttypes'; args=('contenttypes',)
2020-04-20 13:39:22,604 DEBUG (0.000) BEGIN; args=None
2020-04-20 13:39:22,604 DEBUG (0.000) INSERT INTO "django_content_type" ("app_label", "model") SELECT 'contenttypes', 'contenttype'; args=('contenttypes', 'contenttype')
2020-04-20 13:39:22,606 DEBUG (0.000) SELECT "django_content_type"."id", "django_content_type"."app_label", "django_content_type"."model" FROM "django_content_type" WHERE "django_content_type"."app_label" = 'sessions'; args=('sessions',)
2020-04-20 13:39:22,606 DEBUG (0.000) BEGIN; args=None
2020-04-20 13:39:22,607 DEBUG (0.000) INSERT INTO "django_content_type" ("app_label", "model") SELECT 'sessions', 'session'; args=('sessions', 'session')
2020-04-20 13:39:22,608 DEBUG (0.000) SELECT "django_content_type"."id", "django_content_type"."app_label", "django_content_type"."model" FROM "django_content_type" WHERE "django_content_type"."app_label" = 'product'; args=('product',)
2020-04-20 13:39:22,609 DEBUG (0.000) BEGIN; args=None
2020-04-20 13:39:22,609 DEBUG (0.000) INSERT INTO "django_content_type" ("app_label", "model") SELECT 'product', 'allergy' UNION ALL SELECT 'product', 'allergydrink' UNION ALL SELECT 'product', 'category' UNION ALL SELECT 'product', 'drink' UNION ALL SELECT 'product', 'menu' UNION ALL SELECT 'product', 'nutrition' UNION ALL SELECT 'product', 'size' UNION ALL SELECT 'product', 'image' UNION ALL SELECT 'product', 'description'; args=('product', 'allergy', 'product', 'allergydrink', 'product', 'category', 'product', 'drink', 'product', 'menu', 'product', 'nutrition', 'product', 'size', 'product', 'image', 'product', 'description')
2020-04-20 13:40:01,048 DEBUG (0.000) 
            SELECT name, type FROM sqlite_master
            WHERE type in ('table', 'view') AND NOT name='sqlite_sequence'
            ORDER BY name; args=None
2020-04-20 13:40:01,049 DEBUG (0.000) SELECT "django_migrations"."id", "django_migrations"."app", "django_migrations"."name", "django_migrations"."applied" FROM "django_migrations"; args=()
2020-04-20 13:40:01,295 DEBUG (0.000) 
            SELECT name, type FROM sqlite_master
            WHERE type in ('table', 'view') AND NOT name='sqlite_sequence'
            ORDER BY name; args=None
2020-04-20 13:40:01,297 DEBUG (0.000) SELECT "django_migrations"."id", "django_migrations"."app", "django_migrations"."name", "django_migrations"."applied" FROM "django_migrations"; args=()
2020-04-20 13:40:01,297 DEBUG (0.000) 
            SELECT name, type FROM sqlite_master
            WHERE type in ('table', 'view') AND NOT name='sqlite_sequence'
            ORDER BY name; args=None
2020-04-20 13:40:01,297 DEBUG (0.000) SELECT "django_migrations"."id", "django_migrations"."app", "django_migrations"."name", "django_migrations"."applied" FROM "django_migrations"; args=()
2020-04-20 13:40:01,316 DEBUG (0.000) 
            SELECT name, type FROM sqlite_master
            WHERE type in ('table', 'view') AND NOT name='sqlite_sequence'
            ORDER BY name; args=None
2020-04-20 13:40:01,316 DEBUG (0.000) 
            SELECT name, type FROM sqlite_master
            WHERE type in ('table', 'view') AND NOT name='sqlite_sequence'
            ORDER BY name; args=None
2020-04-20 13:40:01,317 DEBUG (0.000) SELECT "django_migrations"."id", "django_migrations"."app", "django_migrations"."name", "django_migrations"."applied" FROM "django_migrations"; args=()
2020-04-20 13:40:01,317 DEBUG (0.000) SELECT "django_content_type"."id", "django_content_type"."app_label", "django_content_type"."model" FROM "django_content_type" WHERE "django_content_type"."app_label" = 'contenttypes'; args=('contenttypes',)
2020-04-20 13:40:01,318 DEBUG (0.000) SELECT "django_content_type"."id", "django_content_type"."app_label", "django_content_type"."model" FROM "django_content_type" WHERE "django_content_type"."app_label" = 'sessions'; args=('sessions',)
2020-04-20 13:40:01,318 DEBUG (0.000) SELECT "django_content_type"."id", "django_content_type"."app_label", "django_content_type"."model" FROM "django_content_type" WHERE "django_content_type"."app_label" = 'product'; args=('product',)
2020-04-20 13:40:01,557 DEBUG (0.001) INSERT INTO "menus" ("name") VALUES ('음료'); args=['음료']
2020-04-20 13:40:01,558 DEBUG (0.001) INSERT INTO "menus" ("name") VALUES ('푸드'); args=['푸드']
2020-04-20 13:40:01,558 DEBUG (0.001) INSERT INTO "menus" ("name") VALUES ('상품'); args=['상품']
2020-04-20 13:40:01,559 DEBUG (0.001) INSERT INTO "menus" ("name") VALUES ('카드'); args=['카드']
2020-04-20 13:40:01,561 DEBUG (0.000) SELECT "menus"."id", "menus"."name" FROM "menus" WHERE "menus"."id" = 1 LIMIT 21; args=(1,)
2020-04-20 13:40:01,562 DEBUG (0.001) INSERT INTO "categories" ("name", "menu_id") VALUES ('콜드 브루 커피', 1); args=['콜드 브루 커피', 1]
2020-04-20 13:40:01,562 DEBUG (0.000) SELECT "menus"."id", "menus"."name" FROM "menus" WHERE "menus"."id" = 1 LIMIT 21; args=(1,)
2020-04-20 13:40:01,563 DEBUG (0.001) INSERT INTO "categories" ("name", "menu_id") VALUES ('브루드 커피', 1); args=['브루드 커피', 1]
2020-04-20 13:40:01,564 DEBUG (0.000) SELECT "menus"."id", "menus"."name" FROM "menus" WHERE "menus"."id" = 1 LIMIT 21; args=(1,)
2020-04-20 13:40:01,565 DEBUG (0.001) INSERT INTO "categories" ("name", "menu_id") VALUES ('에스프레소', 1); args=['에스프레소', 1]
2020-04-20 13:40:01,566 DEBUG (0.000) SELECT "menus"."id", "menus"."name" FROM "menus" WHERE "menus"."id" = 1 LIMIT 21; args=(1,)
2020-04-20 13:40:01,567 DEBUG (0.001) INSERT INTO "categories" ("name", "menu_id") VALUES ('프라푸치노', 1); args=['프라푸치노', 1]
2020-04-20 13:40:01,567 DEBUG (0.000) SELECT "menus"."id", "menus"."name" FROM "menus" WHERE "menus"."id" = 1 LIMIT 21; args=(1,)
2020-04-20 13:40:01,568 DEBUG (0.000) INSERT INTO "categories" ("name", "menu_id") VALUES ('블렌디드', 1); args=['블렌디드', 1]
2020-04-20 13:40:01,568 DEBUG (0.000) SELECT "menus"."id", "menus"."name" FROM "menus" WHERE "menus"."id" = 1 LIMIT 21; args=(1,)
2020-04-20 13:40:01,569 DEBUG (0.000) INSERT INTO "categories" ("name", "menu_id") VALUES ('스타벅스 피지오', 1); args=['스타벅스 피지오', 1]
2020-04-20 13:40:01,569 DEBUG (0.000) SELECT "menus"."id", "menus"."name" FROM "menus" WHERE "menus"."id" = 1 LIMIT 21; args=(1,)
2020-04-20 13:40:01,570 DEBUG (0.000) INSERT INTO "categories" ("name", "menu_id") VALUES ('티(티바나)', 1); args=['티(티바나)', 1]
2020-04-20 13:40:01,571 DEBUG (0.000) SELECT "menus"."id", "menus"."name" FROM "menus" WHERE "menus"."id" = 1 LIMIT 21; args=(1,)
2020-04-20 13:40:01,571 DEBUG (0.000) INSERT INTO "categories" ("name", "menu_id") VALUES ('기타 제조 음료', 1); args=['기타 제조 음료', 1]
2020-04-20 13:40:01,572 DEBUG (0.000) SELECT "menus"."id", "menus"."name" FROM "menus" WHERE "menus"."id" = 1 LIMIT 21; args=(1,)
2020-04-20 13:40:01,573 DEBUG (0.001) INSERT INTO "categories" ("name", "menu_id") VALUES ('스타벅스 주스(병음료)', 1); args=['스타벅스 주스(병음료)', 1]
2020-04-20 13:40:01,573 DEBUG (0.000) SELECT "menus"."id", "menus"."name" FROM "menus" WHERE "menus"."id" = 2 LIMIT 21; args=(2,)
2020-04-20 13:40:01,574 DEBUG (0.001) INSERT INTO "categories" ("name", "menu_id") VALUES ('베이커리', 2); args=['베이커리', 2]
2020-04-20 13:40:01,575 DEBUG (0.000) SELECT "menus"."id", "menus"."name" FROM "menus" WHERE "menus"."id" = 2 LIMIT 21; args=(2,)
2020-04-20 13:40:01,575 DEBUG (0.000) INSERT INTO "categories" ("name", "menu_id") VALUES ('케이크', 2); args=['케이크', 2]
2020-04-20 13:40:01,576 DEBUG (0.000) SELECT "menus"."id", "menus"."name" FROM "menus" WHERE "menus"."id" = 2 LIMIT 21; args=(2,)
2020-04-20 13:40:01,577 DEBUG (0.001) INSERT INTO "categories" ("name", "menu_id") VALUES ('샌드위치 & 샐러드', 2); args=['샌드위치 & 샐러드', 2]
2020-04-20 13:40:01,577 DEBUG (0.000) SELECT "menus"."id", "menus"."name" FROM "menus" WHERE "menus"."id" = 2 LIMIT 21; args=(2,)
2020-04-20 13:40:01,578 DEBUG (0.000) INSERT INTO "categories" ("name", "menu_id") VALUES ('따뜻한 푸드', 2); args=['따뜻한 푸드', 2]
2020-04-20 13:40:01,578 DEBUG (0.000) SELECT "menus"."id", "menus"."name" FROM "menus" WHERE "menus"."id" = 2 LIMIT 21; args=(2,)
2020-04-20 13:40:01,579 DEBUG (0.000) INSERT INTO "categories" ("name", "menu_id") VALUES ('과일 & 요거트', 2); args=['과일 & 요거트', 2]
2020-04-20 13:40:01,579 DEBUG (0.000) SELECT "menus"."id", "menus"."name" FROM "menus" WHERE "menus"."id" = 2 LIMIT 21; args=(2,)
2020-04-20 13:40:01,580 DEBUG (0.001) INSERT INTO "categories" ("name", "menu_id") VALUES ('스낵 & 미니 디저트', 2); args=['스낵 & 미니 디저트', 2]
2020-04-20 13:40:01,581 DEBUG (0.000) SELECT "menus"."id", "menus"."name" FROM "menus" WHERE "menus"."id" = 2 LIMIT 21; args=(2,)
2020-04-20 13:40:01,581 DEBUG (0.000) INSERT INTO "categories" ("name", "menu_id") VALUES ('아이스크림', 2); args=['아이스크림', 2]
2020-04-20 13:40:01,584 DEBUG (0.001) INSERT INTO "nutritions" ("one_serving_kcal", "sodium_mg", "saturated_fat_g", "sugars_g", "protein_g", "caffeine_mg") VALUES ('75.00', '20.00', '2.00', '10.00', '1.00', '245.00'); args=['75.00', '20.00', '2.00', '10.00', '1.00', '245.00']
2020-04-20 13:40:01,585 DEBUG (0.000) INSERT INTO "nutritions" ("one_serving_kcal", "sodium_mg", "saturated_fat_g", "sugars_g", "protein_g", "caffeine_mg") VALUES ('340.00', '115.00', '8.00', '44.00', '10.00', '105.00'); args=['340.00', '115.00', '8.00', '44.00', '10.00', '105.00']
2020-04-20 13:40:01,586 DEBUG (0.000) INSERT INTO "nutritions" ("one_serving_kcal", "sodium_mg", "saturated_fat_g", "sugars_g", "protein_g", "caffeine_mg") VALUES ('415.00', '65.00', '15.00', '19.00', '5.00', '150.00'); args=['415.00', '65.00', '15.00', '19.00', '5.00', '150.00']
2020-04-20 13:40:01,586 DEBUG (0.000) INSERT INTO "nutritions" ("one_serving_kcal", "sodium_mg", "saturated_fat_g", "sugars_g", "protein_g", "caffeine_mg") VALUES ('55.00', '20.00', '2.00', '7.00', '1.00', '245.00'); args=['55.00', '20.00', '2.00', '7.00', '1.00', '245.00']
2020-04-20 13:40:01,587 DEBUG (0.000) INSERT INTO "nutritions" ("one_serving_kcal", "sodium_mg", "saturated_fat_g", "sugars_g", "protein_g", "caffeine_mg") VALUES ('510.00', '147.80', '20.00', '40.00', '10.00', '150.00'); args=['510.00', '147.80', '20.00', '40.00', '10.00', '150.00']
2020-04-20 13:40:01,588 DEBUG (0.001) INSERT INTO "nutritions" ("one_serving_kcal", "sodium_mg", "saturated_fat_g", "sugars_g", "protein_g", "caffeine_mg") VALUES ('5.00', '10.00', '0.00', '0.00', '0.00', '140.00'); args=['5.00', '10.00', '0.00', '0.00', '0.00', '140.00']
2020-04-20 13:40:01,590 DEBUG (0.001) INSERT INTO "nutritions" ("one_serving_kcal", "sodium_mg", "saturated_fat_g", "sugars_g", "protein_g", "caffeine_mg") VALUES ('5.00', '10.00', '0.00', '0.00', '0.00', '260.00'); args=['5.00', '10.00', '0.00', '0.00', '0.00', '260.00']
2020-04-20 13:40:01,591 DEBUG (0.001) INSERT INTO "nutritions" ("one_serving_kcal", "sodium_mg", "saturated_fat_g", "sugars_g", "protein_g", "caffeine_mg") VALUES ('30.00', '0.00', '1.50', '1.00', '0.00', '75.00'); args=['30.00', '0.00', '1.50', '1.00', '0.00', '75.00']
2020-04-20 13:40:01,592 DEBUG (0.000) SELECT "menus"."id", "menus"."name" FROM "menus" WHERE "menus"."id" = 1 LIMIT 21; args=(1,)
2020-04-20 13:40:01,592 DEBUG (0.000) SELECT "categories"."id", "categories"."name", "categories"."menu_id" FROM "categories" WHERE "categories"."id" = 1 LIMIT 21; args=(1,)
2020-04-20 13:40:01,593 DEBUG (0.000) SELECT "nutritions"."id", "nutritions"."one_serving_kcal", "nutritions"."sodium_mg", "nutritions"."saturated_fat_g", "nutritions"."sugars_g", "nutritions"."protein_g", "nutritions"."caffeine_mg" FROM "nutritions" WHERE "nutritions"."id" = 1 LIMIT 21; args=(1,)
2020-04-20 13:40:01,594 DEBUG (0.001) INSERT INTO "drinks" ("name", "menu_id", "category_id", "nutrition_id") VALUES ('나이트로 바닐라 크림', 1, 1, 1); args=['나이트로 바닐라 크림', 1, 1, 1]
2020-04-20 13:40:01,595 DEBUG (0.000) SELECT "menus"."id", "menus"."name" FROM "menus" WHERE "menus"."id" = 1 LIMIT 21; args=(1,)
2020-04-20 13:40:01,595 DEBUG (0.000) SELECT "categories"."id", "categories"."name", "categories"."menu_id" FROM "categories" WHERE "categories"."id" = 1 LIMIT 21; args=(1,)
2020-04-20 13:40:01,596 DEBUG (0.000) SELECT "nutritions"."id", "nutritions"."one_serving_kcal", "nutritions"."sodium_mg", "nutritions"."saturated_fat_g", "nutritions"."sugars_g", "nutritions"."protein_g", "nutritions"."caffeine_mg" FROM "nutritions" WHERE "nutritions"."id" = 2 LIMIT 21; args=(2,)
2020-04-20 13:40:01,596 DEBUG (0.001) INSERT INTO "drinks" ("name", "menu_id", "category_id", "nutrition_id") VALUES ('제주 비자림 콜드 브루', 1, 1, 2); args=['제주 비자림 콜드 브루', 1, 1, 2]
2020-04-20 13:40:01,597 DEBUG (0.000) SELECT "menus"."id", "menus"."name" FROM "menus" WHERE "menus"."id" = 1 LIMIT 21; args=(1,)
2020-04-20 13:40:01,597 DEBUG (0.000) SELECT "categories"."id", "categories"."name", "categories"."menu_id" FROM "categories" WHERE "categories"."id" = 1 LIMIT 21; args=(1,)
2020-04-20 13:40:01,598 DEBUG (0.000) SELECT "nutritions"."id", "nutritions"."one_serving_kcal", "nutritions"."sodium_mg", "nutritions"."saturated_fat_g", "nutritions"."sugars_g", "nutritions"."protein_g", "nutritions"."caffeine_mg" FROM "nutritions" WHERE "nutritions"."id" = 3 LIMIT 21; args=(3,)
2020-04-20 13:40:01,599 DEBUG (0.001) INSERT INTO "drinks" ("name", "menu_id", "category_id", "nutrition_id") VALUES ('코코넛 화이트 콜드 브루', 1, 1, 3); args=['코코넛 화이트 콜드 브루', 1, 1, 3]
2020-04-20 13:40:01,599 DEBUG (0.000) SELECT "menus"."id", "menus"."name" FROM "menus" WHERE "menus"."id" = 1 LIMIT 21; args=(1,)
2020-04-20 13:40:01,600 DEBUG (0.000) SELECT "categories"."id", "categories"."name", "categories"."menu_id" FROM "categories" WHERE "categories"."id" = 1 LIMIT 21; args=(1,)
2020-04-20 13:40:01,600 DEBUG (0.000) SELECT "nutritions"."id", "nutritions"."one_serving_kcal", "nutritions"."sodium_mg", "nutritions"."saturated_fat_g", "nutritions"."sugars_g", "nutritions"."protein_g", "nutritions"."caffeine_mg" FROM "nutritions" WHERE "nutritions"."id" = 4 LIMIT 21; args=(4,)
2020-04-20 13:40:01,601 DEBUG (0.001) INSERT INTO "drinks" ("name", "menu_id", "category_id", "nutrition_id") VALUES ('나이트로 쇼콜라 클라우드', 1, 1, 4); args=['나이트로 쇼콜라 클라우드', 1, 1, 4]
2020-04-20 13:40:01,601 DEBUG (0.000) SELECT "menus"."id", "menus"."name" FROM "menus" WHERE "menus"."id" = 1 LIMIT 21; args=(1,)
2020-04-20 13:40:01,602 DEBUG (0.000) SELECT "categories"."id", "categories"."name", "categories"."menu_id" FROM "categories" WHERE "categories"."id" = 1 LIMIT 21; args=(1,)
2020-04-20 13:40:01,602 DEBUG (0.000) SELECT "nutritions"."id", "nutritions"."one_serving_kcal", "nutritions"."sodium_mg", "nutritions"."saturated_fat_g", "nutritions"."sugars_g", "nutritions"."protein_g", "nutritions"."caffeine_mg" FROM "nutritions" WHERE "nutritions"."id" = 5 LIMIT 21; args=(5,)
2020-04-20 13:40:01,603 DEBUG (0.001) INSERT INTO "drinks" ("name", "menu_id", "category_id", "nutrition_id") VALUES ('콜드 브루 몰트', 1, 1, 5); args=['콜드 브루 몰트', 1, 1, 5]
2020-04-20 13:40:01,604 DEBUG (0.000) SELECT "menus"."id", "menus"."name" FROM "menus" WHERE "menus"."id" = 1 LIMIT 21; args=(1,)
2020-04-20 13:40:01,604 DEBUG (0.000) SELECT "categories"."id", "categories"."name", "categories"."menu_id" FROM "categories" WHERE "categories"."id" = 2 LIMIT 21; args=(2,)
2020-04-20 13:40:01,605 DEBUG (0.000) SELECT "nutritions"."id", "nutritions"."one_serving_kcal", "nutritions"."sodium_mg", "nutritions"."saturated_fat_g", "nutritions"."sugars_g", "nutritions"."protein_g", "nutritions"."caffeine_mg" FROM "nutritions" WHERE "nutritions"."id" = 6 LIMIT 21; args=(6,)
2020-04-20 13:40:01,606 DEBUG (0.001) INSERT INTO "drinks" ("name", "menu_id", "category_id", "nutrition_id") VALUES ('아이스 커피', 1, 2, 6); args=['아이스 커피', 1, 2, 6]
2020-04-20 13:40:01,606 DEBUG (0.000) SELECT "menus"."id", "menus"."name" FROM "menus" WHERE "menus"."id" = 1 LIMIT 21; args=(1,)
2020-04-20 13:40:01,606 DEBUG (0.000) SELECT "categories"."id", "categories"."name", "categories"."menu_id" FROM "categories" WHERE "categories"."id" = 2 LIMIT 21; args=(2,)
2020-04-20 13:40:01,607 DEBUG (0.000) SELECT "nutritions"."id", "nutritions"."one_serving_kcal", "nutritions"."sodium_mg", "nutritions"."saturated_fat_g", "nutritions"."sugars_g", "nutritions"."protein_g", "nutritions"."caffeine_mg" FROM "nutritions" WHERE "nutritions"."id" = 7 LIMIT 21; args=(7,)
2020-04-20 13:40:01,608 DEBUG (0.001) INSERT INTO "drinks" ("name", "menu_id", "category_id", "nutrition_id") VALUES ('오늘의 커피', 1, 2, 7); args=['오늘의 커피', 1, 2, 7]
2020-04-20 13:40:01,608 DEBUG (0.000) SELECT "menus"."id", "menus"."name" FROM "menus" WHERE "menus"."id" = 1 LIMIT 21; args=(1,)
2020-04-20 13:40:01,609 DEBUG (0.000) SELECT "categories"."id", "categories"."name", "categories"."menu_id" FROM "categories" WHERE "categories"."id" = 3 LIMIT 21; args=(3,)
2020-04-20 13:40:01,609 DEBUG (0.000) SELECT "nutritions"."id", "nutritions"."one_serving_kcal", "nutritions"."sodium_mg", "nutritions"."saturated_fat_g", "nutritions"."sugars_g", "nutritions"."protein_g", "nutritions"."caffeine_mg" FROM "nutritions" WHERE "nutritions"."id" = 8 LIMIT 21; args=(8,)
2020-04-20 13:40:01,610 DEBUG (0.001) INSERT INTO "drinks" ("name", "menu_id", "category_id", "nutrition_id") VALUES ('에스프레소 콘 파나', 1, 3, 8); args=['에스프레소 콘 파나', 1, 3, 8]
2020-04-20 13:40:01,612 DEBUG (0.000) SELECT "drinks"."id", "drinks"."name", "drinks"."menu_id", "drinks"."category_id", "drinks"."nutrition_id" FROM "drinks" WHERE "drinks"."id" = 1 LIMIT 21; args=(1,)
2020-04-20 13:40:01,613 DEBUG (0.001) INSERT INTO "images" ("image_url", "drink_id") VALUES ('https://s3-vugue-test.s3.ap-northeast-2.amazonaws.com/nitro_vanilla_cream_large.jpg', 1); args=['https://s3-vugue-test.s3.ap-northeast-2.amazonaws.com/nitro_vanilla_cream_large.jpg', 1]
2020-04-20 13:40:01,613 DEBUG (0.000) SELECT "drinks"."id", "drinks"."name", "drinks"."menu_id", "drinks"."category_id", "drinks"."nutrition_id" FROM "drinks" WHERE "drinks"."id" = 1 LIMIT 21; args=(1,)
2020-04-20 13:40:01,614 DEBUG (0.000) INSERT INTO "images" ("image_url", "drink_id") VALUES ('https://s3-vugue-test.s3.ap-northeast-2.amazonaws.com/nitro_vanilla_cream_small.jpg', 1); args=['https://s3-vugue-test.s3.ap-northeast-2.amazonaws.com/nitro_vanilla_cream_small.jpg', 1]
2020-04-20 13:40:01,614 DEBUG (0.000) SELECT "drinks"."id", "drinks"."name", "drinks"."menu_id", "drinks"."category_id", "drinks"."nutrition_id" FROM "drinks" WHERE "drinks"."id" = 2 LIMIT 21; args=(2,)
2020-04-20 13:40:01,615 DEBUG (0.000) INSERT INTO "images" ("image_url", "drink_id") VALUES ('https://s3-vugue-test.s3.ap-northeast-2.amazonaws.com/jeju_forest_cold_large.jpg', 2); args=['https://s3-vugue-test.s3.ap-northeast-2.amazonaws.com/jeju_forest_cold_large.jpg', 2]
2020-04-20 13:40:01,616 DEBUG (0.000) SELECT "drinks"."id", "drinks"."name", "drinks"."menu_id", "drinks"."category_id", "drinks"."nutrition_id" FROM "drinks" WHERE "drinks"."id" = 2 LIMIT 21; args=(2,)
2020-04-20 13:40:01,617 DEBUG (0.001) INSERT INTO "images" ("image_url", "drink_id") VALUES ('https://s3-vugue-test.s3.ap-northeast-2.amazonaws.com/jeju_forest_cold_small.jpg', 2); args=['https://s3-vugue-test.s3.ap-northeast-2.amazonaws.com/jeju_forest_cold_small.jpg', 2]
2020-04-20 13:40:01,617 DEBUG (0.000) SELECT "drinks"."id", "drinks"."name", "drinks"."menu_id", "drinks"."category_id", "drinks"."nutrition_id" FROM "drinks" WHERE "drinks"."id" = 3 LIMIT 21; args=(3,)
2020-04-20 13:40:01,618 DEBUG (0.001) INSERT INTO "images" ("image_url", "drink_id") VALUES ('https://s3-vugue-test.s3.ap-northeast-2.amazonaws.com/coconut_white_cold_brew_large.jpg', 3); args=['https://s3-vugue-test.s3.ap-northeast-2.amazonaws.com/coconut_white_cold_brew_large.jpg', 3]
2020-04-20 13:40:01,619 DEBUG (0.000) SELECT "drinks"."id", "drinks"."name", "drinks"."menu_id", "drinks"."category_id", "drinks"."nutrition_id" FROM "drinks" WHERE "drinks"."id" = 3 LIMIT 21; args=(3,)
2020-04-20 13:40:01,619 DEBUG (0.001) INSERT INTO "images" ("image_url", "drink_id") VALUES ('https://s3-vugue-test.s3.ap-northeast-2.amazonaws.com/coconut_white_cold_brew_small.jpg', 3); args=['https://s3-vugue-test.s3.ap-northeast-2.amazonaws.com/coconut_white_cold_brew_small.jpg', 3]
2020-04-20 13:40:01,620 DEBUG (0.000) SELECT "drinks"."id", "drinks"."name", "drinks"."menu_id", "drinks"."category_id", "drinks"."nutrition_id" FROM "drinks" WHERE "drinks"."id" = 4 LIMIT 21; args=(4,)
2020-04-20 13:40:01,621 DEBUG (0.001) INSERT INTO "images" ("image_url", "drink_id") VALUES ('https://s3-vugue-test.s3.ap-northeast-2.amazonaws.com/nitro_chocolat_cloud_large.jpg', 4); args=['https://s3-vugue-test.s3.ap-northeast-2.amazonaws.com/nitro_chocolat_cloud_large.jpg', 4]
2020-04-20 13:40:01,621 DEBUG (0.000) SELECT "drinks"."id", "drinks"."name", "drinks"."menu_id", "drinks"."category_id", "drinks"."nutrition_id" FROM "drinks" WHERE "drinks"."id" = 4 LIMIT 21; args=(4,)
2020-04-20 13:40:01,622 DEBUG (0.001) INSERT INTO "images" ("image_url", "drink_id") VALUES ('https://s3-vugue-test.s3.ap-northeast-2.amazonaws.com/nitro_chocolat_cloud_small.jpg', 4); args=['https://s3-vugue-test.s3.ap-northeast-2.amazonaws.com/nitro_chocolat_cloud_small.jpg', 4]
2020-04-20 13:40:01,622 DEBUG (0.000) SELECT "drinks"."id", "drinks"."name", "drinks"."menu_id", "drinks"."category_id", "drinks"."nutrition_id" FROM "drinks" WHERE "drinks"."id" = 5 LIMIT 21; args=(5,)
2020-04-20 13:40:01,623 DEBUG (0.000) INSERT INTO "images" ("image_url", "drink_id") VALUES ('https://s3-vugue-test.s3.ap-northeast-2.amazonaws.com/cold_brew_malt_large.jpg', 5); args=['https://s3-vugue-test.s3.ap-northeast-2.amazonaws.com/cold_brew_malt_large.jpg', 5]
2020-04-20 13:40:01,624 DEBUG (0.000) SELECT "drinks"."id", "drinks"."name", "drinks"."menu_id", "drinks"."category_id", "drinks"."nutrition_id" FROM "drinks" WHERE "drinks"."id" = 5 LIMIT 21; args=(5,)
2020-04-20 13:40:01,625 DEBUG (0.001) INSERT INTO "images" ("image_url", "drink_id") VALUES ('https://s3-vugue-test.s3.ap-northeast-2.amazonaws.com/cold_brew_malt_small.jpg', 5); args=['https://s3-vugue-test.s3.ap-northeast-2.amazonaws.com/cold_brew_malt_small.jpg', 5]
2020-04-20 13:40:01,625 DEBUG (0.000) SELECT "drinks"."id", "drinks"."name", "drinks"."menu_id", "drinks"."category_id", "drinks"."nutrition_id" FROM "drinks" WHERE "drinks"."id" = 6 LIMIT 21; args=(6,)
2020-04-20 13:40:01,626 DEBUG (0.000) INSERT INTO "images" ("image_url", "drink_id") VALUES ('https://s3-vugue-test.s3.ap-northeast-2.amazonaws.com/iced_coffee_large.jpg', 6); args=['https://s3-vugue-test.s3.ap-northeast-2.amazonaws.com/iced_coffee_large.jpg', 6]
2020-04-20 13:40:01,626 DEBUG (0.000) SELECT "drinks"."id", "drinks"."name", "drinks"."menu_id", "drinks"."category_id", "drinks"."nutrition_id" FROM "drinks" WHERE "drinks"."id" = 6 LIMIT 21; args=(6,)
2020-04-20 13:40:01,627 DEBUG (0.000) INSERT INTO "images" ("image_url", "drink_id") VALUES ('https://s3-vugue-test.s3.ap-northeast-2.amazonaws.com/iced_coffee_small.jpg', 6); args=['https://s3-vugue-test.s3.ap-northeast-2.amazonaws.com/iced_coffee_small.jpg', 6]
2020-04-20 13:40:01,627 DEBUG (0.000) SELECT "drinks"."id", "drinks"."name", "drinks"."menu_id", "drinks"."category_id", "drinks"."nutrition_id" FROM "drinks" WHERE "drinks"."id" = 7 LIMIT 21; args=(7,)
2020-04-20 13:40:01,628 DEBUG (0.000) INSERT INTO "images" ("image_url", "drink_id") VALUES ('https://s3-vugue-test.s3.ap-northeast-2.amazonaws.com/todays_coffee_large.jpg', 7); args=['https://s3-vugue-test.s3.ap-northeast-2.amazonaws.com/todays_coffee_large.jpg', 7]
2020-04-20 13:40:01,629 DEBUG (0.000) SELECT "drinks"."id", "drinks"."name", "drinks"."menu_id", "drinks"."category_id", "drinks"."nutrition_id" FROM "drinks" WHERE "drinks"."id" = 7 LIMIT 21; args=(7,)
2020-04-20 13:40:01,629 DEBUG (0.001) INSERT INTO "images" ("image_url", "drink_id") VALUES ('https://s3-vugue-test.s3.ap-northeast-2.amazonaws.com/todays_coffee_small.jpg', 7); args=['https://s3-vugue-test.s3.ap-northeast-2.amazonaws.com/todays_coffee_small.jpg', 7]
2020-04-20 13:40:01,630 DEBUG (0.000) SELECT "drinks"."id", "drinks"."name", "drinks"."menu_id", "drinks"."category_id", "drinks"."nutrition_id" FROM "drinks" WHERE "drinks"."id" = 8 LIMIT 21; args=(8,)
2020-04-20 13:40:01,631 DEBUG (0.000) INSERT INTO "images" ("image_url", "drink_id") VALUES ('https://s3-vugue-test.s3.ap-northeast-2.amazonaws.com/espresso_con_panna_large.jpg', 8); args=['https://s3-vugue-test.s3.ap-northeast-2.amazonaws.com/espresso_con_panna_large.jpg', 8]
2020-04-20 13:40:01,631 DEBUG (0.000) SELECT "drinks"."id", "drinks"."name", "drinks"."menu_id", "drinks"."category_id", "drinks"."nutrition_id" FROM "drinks" WHERE "drinks"."id" = 8 LIMIT 21; args=(8,)
2020-04-20 13:40:01,632 DEBUG (0.000) INSERT INTO "images" ("image_url", "drink_id") VALUES ('https://s3-vugue-test.s3.ap-northeast-2.amazonaws.com/espresso_con_panna_small.jpg', 8); args=['https://s3-vugue-test.s3.ap-northeast-2.amazonaws.com/espresso_con_panna_small.jpg', 8]
2020-04-20 13:40:01,632 DEBUG (0.000) SELECT "drinks"."id", "drinks"."name", "drinks"."menu_id", "drinks"."category_id", "drinks"."nutrition_id" FROM "drinks" WHERE "drinks"."id" = 1 LIMIT 21; args=(1,)
2020-04-20 13:40:01,634 DEBUG (0.001) INSERT INTO "descriptions" ("description", "drink_id") VALUES ('부드러운 목넘김의 나이트로 커피와 바닐라 크림의 매력을 한번에 느껴보세요!', 1); args=['부드러운 목넘김의 나이트로 커피와 바닐라 크림의 매력을 한번에 느껴보세요!', 1]
2020-04-20 13:40:01,634 DEBUG (0.000) SELECT "drinks"."id", "drinks"."name", "drinks"."menu_id", "drinks"."category_id", "drinks"."nutrition_id" FROM "drinks" WHERE "drinks"."id" = 1 LIMIT 21; args=(1,)
2020-04-20 13:40:01,635 DEBUG (0.001) INSERT INTO "descriptions" ("description", "drink_id") VALUES ('부드러운 목넘김의 나이트로 커피와 바닐라 크림의 매력을 한번에 느껴보세요!', 1); args=['부드러운 목넘김의 나이트로 커피와 바닐라 크림의 매력을 한번에 느껴보세요!', 1]
2020-04-20 13:40:01,636 DEBUG (0.000) SELECT "drinks"."id", "drinks"."name", "drinks"."menu_id", "drinks"."category_id", "drinks"."nutrition_id" FROM "drinks" WHERE "drinks"."id" = 2 LIMIT 21; args=(2,)
2020-04-20 13:40:01,637 DEBUG (0.001) INSERT INTO "descriptions" ("description", "drink_id") VALUES ('[제주지역 한정음료] 제주 천년의 숲 비자림을 연상시키는
음료로 제주에서 유기농 말차로 만든
파우더와 Cold Brew를 활용한 음료.
더욱 시원하고 새로운 Cold Brew를 제주에서 즐겨보세요.', 2); args=['[제주지역 한정음료] 제주 천년의 숲 비자림을 연상시키는\n음료로 제주에서 유기농 말차로 만든\n파우더와 Cold Brew를 활용한 음료.\n더욱 시원하고 새로운 Cold Brew를 제주에서 즐겨보세요.', 2]
2020-04-20 13:40:01,637 DEBUG (0.000) SELECT "drinks"."id", "drinks"."name", "drinks"."menu_id", "drinks"."category_id", "drinks"."nutrition_id" FROM "drinks" WHERE "drinks"."id" = 2 LIMIT 21; args=(2,)
2020-04-20 13:40:01,638 DEBUG (0.000) INSERT INTO "descriptions" ("description", "drink_id") VALUES ('[제주지역 한정음료] 제주 천년의 숲 비자림을 연상시키는
음료로 제주에서 유기농 말차로 만든 파우더와 Cold Brew를 활용한 음료.
더욱 시원하고 새로운 Cold Brew를 제주에서 즐겨보세요.', 2); args=['[제주지역 한정음료] 제주 천년의 숲 비자림을 연상시키는\n음료로 제주에서 유기농 말차로 만든 파우더와 Cold Brew를 활용한 음료.\n더욱 시원하고 새로운 Cold Brew를 제주에서 즐겨보세요.', 2]
2020-04-20 13:40:01,638 DEBUG (0.000) SELECT "drinks"."id", "drinks"."name", "drinks"."menu_id", "drinks"."category_id", "drinks"."nutrition_id" FROM "drinks" WHERE "drinks"."id" = 3 LIMIT 21; args=(3,)
2020-04-20 13:40:01,639 DEBUG (0.000) INSERT INTO "descriptions" ("description", "drink_id") VALUES ('고소한 코코넛과 정성스레 내린 콜드 브루와의 풍미좋은 만남
코코넛으로 만든 달콤하고 부드러운 크림 폼과 콜드 브루의 감칠맛이 깔끔하게 올라오는,
코코넛 화이트 콜드브루', 3); args=['고소한 코코넛과 정성스레 내린 콜드 브루와의 풍미좋은 만남\n코코넛으로 만든 달콤하고 부드러운 크림 폼과 콜드 브루의 감칠맛이 깔끔하게 올라오는,\n코코넛 화이트 콜드브루', 3]
2020-04-20 13:40:01,640 DEBUG (0.000) SELECT "drinks"."id", "drinks"."name", "drinks"."menu_id", "drinks"."category_id", "drinks"."nutrition_id" FROM "drinks" WHERE "drinks"."id" = 3 LIMIT 21; args=(3,)
2020-04-20 13:40:01,641 DEBUG (0.001) INSERT INTO "descriptions" ("description", "drink_id") VALUES ('고소한 코코넛과 정성스레 내린 콜드 브루와의 풍미좋은 만남
코코넛으로 만든 달콤하고 부드러운 크림 폼과 콜드 브루의 감칠맛이 깔끔하게 올라오는,
코코넛 화이트 콜드브루', 3); args=['고소한 코코넛과 정성스레 내린 콜드 브루와의 풍미좋은 만남\n코코넛으로 만든 달콤하고 부드러운 크림 폼과 콜드 브루의 감칠맛이 깔끔하게 올라오는,\n코코넛 화이트 콜드브루', 3]
2020-04-20 13:40:01,641 DEBUG (0.000) SELECT "drinks"."id", "drinks"."name", "drinks"."menu_id", "drinks"."category_id", "drinks"."nutrition_id" FROM "drinks" WHERE "drinks"."id" = 4 LIMIT 21; args=(4,)
2020-04-20 13:40:01,642 DEBUG (0.000) INSERT INTO "descriptions" ("description", "drink_id") VALUES ('초콜릿과 견과류의 풍미, 초콜릿 파우더 토핑, 하프&하프 샷
부드럽고 달콤한 새로운 나이트로 콜드 브루', 4); args=['초콜릿과 견과류의 풍미, 초콜릿 파우더 토핑, 하프&하프 샷\n부드럽고 달콤한 새로운 나이트로 콜드 브루', 4]
2020-04-20 13:40:01,643 DEBUG (0.000) SELECT "drinks"."id", "drinks"."name", "drinks"."menu_id", "drinks"."category_id", "drinks"."nutrition_id" FROM "drinks" WHERE "drinks"."id" = 4 LIMIT 21; args=(4,)
2020-04-20 13:40:01,643 DEBUG (0.000) INSERT INTO "descriptions" ("description", "drink_id") VALUES ('차가운 물로 14시간 동안 서서히 완성된 콜드 브루가 질소와 만나
나이트로 커피 정통의 캐스케이딩과 부드러운 콜드 크레마를 탄생시켰습니다.', 4); args=['차가운 물로 14시간 동안 서서히 완성된 콜드 브루가 질소와 만나\n나이트로 커피 정통의 캐스케이딩과 부드러운 콜드 크레마를 탄생시켰습니다.', 4]
2020-04-20 13:40:01,644 DEBUG (0.000) SELECT "drinks"."id", "drinks"."name", "drinks"."menu_id", "drinks"."category_id", "drinks"."nutrition_id" FROM "drinks" WHERE "drinks"."id" = 5 LIMIT 21; args=(5,)
2020-04-20 13:40:01,645 DEBUG (0.001) INSERT INTO "descriptions" ("description", "drink_id") VALUES ('[리저브 전용음료] 리저브 콜드 브루, 바닐라 아이스크림, 몰트가 블렌딩된 리저브만의 쉐이크', 5); args=['[리저브 전용음료] 리저브 콜드 브루, 바닐라 아이스크림, 몰트가 블렌딩된 리저브만의 쉐이크', 5]
2020-04-20 13:40:01,645 DEBUG (0.000) SELECT "drinks"."id", "drinks"."name", "drinks"."menu_id", "drinks"."category_id", "drinks"."nutrition_id" FROM "drinks" WHERE "drinks"."id" = 5 LIMIT 21; args=(5,)
2020-04-20 13:40:01,646 DEBUG (0.000) INSERT INTO "descriptions" ("description", "drink_id") VALUES ('커피 매스터의 14시간 정성으로 추출한 리저브 콜드 브루와
뉴질랜드산 프리미엄 바닐라 아이스크림 그리고 몰트를 블렌딩한 리저브만의 쉐이크 음료입니다.', 5); args=['커피 매스터의 14시간 정성으로 추출한 리저브 콜드 브루와\n뉴질랜드산 프리미엄 바닐라 아이스크림 그리고 몰트를 블렌딩한 리저브만의 쉐이크 음료입니다.', 5]
2020-04-20 13:40:01,646 DEBUG (0.000) SELECT "drinks"."id", "drinks"."name", "drinks"."menu_id", "drinks"."category_id", "drinks"."nutrition_id" FROM "drinks" WHERE "drinks"."id" = 6 LIMIT 21; args=(6,)
2020-04-20 13:40:01,647 DEBUG (0.000) INSERT INTO "descriptions" ("description", "drink_id") VALUES ('깔끔하고 상큼함이 특징인 시원한 아이스 커피', 6); args=['깔끔하고 상큼함이 특징인 시원한 아이스 커피', 6]
2020-04-20 13:40:01,648 DEBUG (0.000) SELECT "drinks"."id", "drinks"."name", "drinks"."menu_id", "drinks"."category_id", "drinks"."nutrition_id" FROM "drinks" WHERE "drinks"."id" = 6 LIMIT 21; args=(6,)
2020-04-20 13:40:01,648 DEBUG (0.001) INSERT INTO "descriptions" ("description", "drink_id") VALUES ('케냐, 하우스 블렌드 등 약간의 산미가 있는 커피를 드립 방식으로 추출한 후 얼음과 함께 제공하는 커피 입니다. 아이스 커피로 적합한 프리미엄 원두를 이용하여 깔끔하고 상큼한 맛을 느끼실 수 있습니다.', 6); args=['케냐, 하우스 블렌드 등 약간의 산미가 있는 커피를 드립 방식으로 추출한 후 얼음과 함께 제공하는 커피 입니다. 아이스 커피로 적합한 프리미엄 원두를 이용하여 깔끔하고 상큼한 맛을 느끼실 수 있습니다.', 6]
2020-04-20 13:40:01,649 DEBUG (0.000) SELECT "drinks"."id", "drinks"."name", "drinks"."menu_id", "drinks"."category_id", "drinks"."nutrition_id" FROM "drinks" WHERE "drinks"."id" = 7 LIMIT 21; args=(7,)
2020-04-20 13:40:01,650 DEBUG (0.000) INSERT INTO "descriptions" ("description", "drink_id") VALUES ('신선하게 브루드(Brewed)되어 원두의 다양함이 살아있는 커피', 7); args=['신선하게 브루드(Brewed)되어 원두의 다양함이 살아있는 커피', 7]
2020-04-20 13:40:01,650 DEBUG (0.000) SELECT "drinks"."id", "drinks"."name", "drinks"."menu_id", "drinks"."category_id", "drinks"."nutrition_id" FROM "drinks" WHERE "drinks"."id" = 7 LIMIT 21; args=(7,)
2020-04-20 13:40:01,651 DEBUG (0.000) INSERT INTO "descriptions" ("description", "drink_id") VALUES ('매주 일주일 간격으로 하나의 원두 종류를 선정하여 신선하게 브루드(Brewed)되어 제공되는 드립커피로 원두 커피의 풍부한 맛과 향을 따뜻하게 즐기실 수 있습니다.', 7); args=['매주 일주일 간격으로 하나의 원두 종류를 선정하여 신선하게 브루드(Brewed)되어 제공되는 드립커피로 원두 커피의 풍부한 맛과 향을 따뜻하게 즐기실 수 있습니다.', 7]
2020-04-20 13:40:01,651 DEBUG (0.000) SELECT "drinks"."id", "drinks"."name", "drinks"."menu_id", "drinks"."category_id", "drinks"."nutrition_id" FROM "drinks" WHERE "drinks"."id" = 8 LIMIT 21; args=(8,)
2020-04-20 13:40:01,652 DEBUG (0.000) INSERT INTO "descriptions" ("description", "drink_id") VALUES ('에스프레소 샷에 풍부한 휘핑크림을 얹은 강렬하고 달콤한 음료', 8); args=['에스프레소 샷에 풍부한 휘핑크림을 얹은 강렬하고 달콤한 음료', 8]
2020-04-20 13:40:01,653 DEBUG (0.000) SELECT "drinks"."id", "drinks"."name", "drinks"."menu_id", "drinks"."category_id", "drinks"."nutrition_id" FROM "drinks" WHERE "drinks"."id" = 8 LIMIT 21; args=(8,)
2020-04-20 13:40:01,653 DEBUG (0.000) INSERT INTO "descriptions" ("description", "drink_id") VALUES ('신선한 에스프레소 샷에 풍부한 휘핑크림을 얹은 커피 음료로서, 뜨거운 커피의 맛과 차갑고 달콤한 생크림의 맛을 동시에 즐기실 수 있습니다.', 8); args=['신선한 에스프레소 샷에 풍부한 휘핑크림을 얹은 커피 음료로서, 뜨거운 커피의 맛과 차갑고 달콤한 생크림의 맛을 동시에 즐기실 수 있습니다.', 8]
2020-04-20 13:40:01,655 DEBUG (0.000) SELECT "nutritions"."id", "nutritions"."one_serving_kcal", "nutritions"."sodium_mg", "nutritions"."saturated_fat_g", "nutritions"."sugars_g", "nutritions"."protein_g", "nutritions"."caffeine_mg" FROM "nutritions" WHERE "nutritions"."id" = 1 LIMIT 21; args=(1,)
2020-04-20 13:40:01,656 DEBUG (0.001) INSERT INTO "sizes" ("name", "size_ml", "size_fluid_ounce", "nutrition_id") VALUES ('Tall(톨)', 355, '12.00', 1); args=['Tall(톨)', 355, '12.00', 1]
2020-04-20 13:40:01,657 DEBUG (0.000) SELECT "nutritions"."id", "nutritions"."one_serving_kcal", "nutritions"."sodium_mg", "nutritions"."saturated_fat_g", "nutritions"."sugars_g", "nutritions"."protein_g", "nutritions"."caffeine_mg" FROM "nutritions" WHERE "nutritions"."id" = 2 LIMIT 21; args=(2,)
2020-04-20 13:40:01,657 DEBUG (0.000) INSERT INTO "sizes" ("name", "size_ml", "size_fluid_ounce", "nutrition_id") VALUES ('Grande(그란데)', 473, '16.00', 2); args=['Grande(그란데)', 473, '16.00', 2]
2020-04-20 13:40:01,658 DEBUG (0.000) SELECT "nutritions"."id", "nutritions"."one_serving_kcal", "nutritions"."sodium_mg", "nutritions"."saturated_fat_g", "nutritions"."sugars_g", "nutritions"."protein_g", "nutritions"."caffeine_mg" FROM "nutritions" WHERE "nutritions"."id" = 3 LIMIT 21; args=(3,)
2020-04-20 13:40:01,659 DEBUG (0.001) INSERT INTO "sizes" ("name", "size_ml", "size_fluid_ounce", "nutrition_id") VALUES ('Tall(톨)', 355, '12.00', 3); args=['Tall(톨)', 355, '12.00', 3]
2020-04-20 13:40:01,659 DEBUG (0.000) SELECT "nutritions"."id", "nutritions"."one_serving_kcal", "nutritions"."sodium_mg", "nutritions"."saturated_fat_g", "nutritions"."sugars_g", "nutritions"."protein_g", "nutritions"."caffeine_mg" FROM "nutritions" WHERE "nutritions"."id" = 4 LIMIT 21; args=(4,)
2020-04-20 13:40:01,660 DEBUG (0.000) INSERT INTO "sizes" ("name", "size_ml", "size_fluid_ounce", "nutrition_id") VALUES ('Tall(톨)', 355, '12.00', 4); args=['Tall(톨)', 355, '12.00', 4]
2020-04-20 13:40:01,660 DEBUG (0.000) SELECT "nutritions"."id", "nutritions"."one_serving_kcal", "nutritions"."sodium_mg", "nutritions"."saturated_fat_g", "nutritions"."sugars_g", "nutritions"."protein_g", "nutritions"."caffeine_mg" FROM "nutritions" WHERE "nutritions"."id" = 5 LIMIT 21; args=(5,)
2020-04-20 13:40:01,661 DEBUG (0.000) INSERT INTO "sizes" ("name", "size_ml", "size_fluid_ounce", "nutrition_id") VALUES ('Tall(톨)', 355, '12.00', 5); args=['Tall(톨)', 355, '12.00', 5]
2020-04-20 13:40:01,662 DEBUG (0.000) SELECT "nutritions"."id", "nutritions"."one_serving_kcal", "nutritions"."sodium_mg", "nutritions"."saturated_fat_g", "nutritions"."sugars_g", "nutritions"."protein_g", "nutritions"."caffeine_mg" FROM "nutritions" WHERE "nutritions"."id" = 6 LIMIT 21; args=(6,)
2020-04-20 13:40:01,663 DEBUG (0.001) INSERT INTO "sizes" ("name", "size_ml", "size_fluid_ounce", "nutrition_id") VALUES ('Tall(톨)', 355, '12.00', 6); args=['Tall(톨)', 355, '12.00', 6]
2020-04-20 13:40:01,663 DEBUG (0.000) SELECT "nutritions"."id", "nutritions"."one_serving_kcal", "nutritions"."sodium_mg", "nutritions"."saturated_fat_g", "nutritions"."sugars_g", "nutritions"."protein_g", "nutritions"."caffeine_mg" FROM "nutritions" WHERE "nutritions"."id" = 7 LIMIT 21; args=(7,)
2020-04-20 13:40:01,664 DEBUG (0.001) INSERT INTO "sizes" ("name", "size_ml", "size_fluid_ounce", "nutrition_id") VALUES ('Tall(톨)', 355, '12.00', 7); args=['Tall(톨)', 355, '12.00', 7]
2020-04-20 13:40:01,665 DEBUG (0.000) SELECT "nutritions"."id", "nutritions"."one_serving_kcal", "nutritions"."sodium_mg", "nutritions"."saturated_fat_g", "nutritions"."sugars_g", "nutritions"."protein_g", "nutritions"."caffeine_mg" FROM "nutritions" WHERE "nutritions"."id" = 8 LIMIT 21; args=(8,)
2020-04-20 13:40:01,666 DEBUG (0.001) INSERT INTO "sizes" ("name", "size_ml", "size_fluid_ounce", "nutrition_id") VALUES ('Solo(솔로)', 22, '0.75', 8); args=['Solo(솔로)', 22, '0.75', 8]
2020-04-20 13:40:01,668 DEBUG (0.000) INSERT INTO "allergies" ("name") VALUES ('우유'); args=['우유']
2020-04-20 13:40:01,669 DEBUG (0.001) INSERT INTO "allergies" ("name") VALUES ('대두 / 우유'); args=['대두 / 우유']
2020-04-20 13:40:01,669 DEBUG (0.000) SELECT "allergies"."id", "allergies"."name" FROM "allergies" WHERE "allergies"."id" = 1 LIMIT 21; args=(1,)
2020-04-20 13:40:01,670 DEBUG (0.000) SELECT "drinks"."id", "drinks"."name", "drinks"."menu_id", "drinks"."category_id", "drinks"."nutrition_id" FROM "drinks" WHERE "drinks"."id" = 1 LIMIT 21; args=(1,)
2020-04-20 13:40:01,671 DEBUG (0.001) INSERT INTO "allergies_drinks" ("allergy_id", "drink_id") VALUES (1, 1); args=[1, 1]
2020-04-20 13:40:01,672 DEBUG (0.000) SELECT "allergies"."id", "allergies"."name" FROM "allergies" WHERE "allergies"."id" = 1 LIMIT 21; args=(1,)
2020-04-20 13:40:01,672 DEBUG (0.000) SELECT "drinks"."id", "drinks"."name", "drinks"."menu_id", "drinks"."category_id", "drinks"."nutrition_id" FROM "drinks" WHERE "drinks"."id" = 4 LIMIT 21; args=(4,)
2020-04-20 13:40:01,673 DEBUG (0.001) INSERT INTO "allergies_drinks" ("allergy_id", "drink_id") VALUES (1, 4); args=[1, 4]
2020-04-20 13:40:01,674 DEBUG (0.000) SELECT "allergies"."id", "allergies"."name" FROM "allergies" WHERE "allergies"."id" = 2 LIMIT 21; args=(2,)
2020-04-20 13:40:01,674 DEBUG (0.000) SELECT "drinks"."id", "drinks"."name", "drinks"."menu_id", "drinks"."category_id", "drinks"."nutrition_id" FROM "drinks" WHERE "drinks"."id" = 5 LIMIT 21; args=(5,)
2020-04-20 13:40:01,675 DEBUG (0.000) INSERT INTO "allergies_drinks" ("allergy_id", "drink_id") VALUES (2, 5); args=[2, 5]
2020-04-20 13:40:01,675 DEBUG (0.000) SELECT "allergies"."id", "allergies"."name" FROM "allergies" WHERE "allergies"."id" = 1 LIMIT 21; args=(1,)
2020-04-20 13:40:01,676 DEBUG (0.000) SELECT "drinks"."id", "drinks"."name", "drinks"."menu_id", "drinks"."category_id", "drinks"."nutrition_id" FROM "drinks" WHERE "drinks"."id" = 8 LIMIT 21; args=(8,)
2020-04-20 13:40:01,676 DEBUG (0.001) INSERT INTO "allergies_drinks" ("allergy_id", "drink_id") VALUES (1, 8); args=[1, 8]
